<?xml version="1.0" encoding="UTF-8"?>
<!-- Generated by org.testng.reporters.JUnitReportReporter -->
<testsuite hostname="DESKTOP-DORLFQ8" failures="0" tests="1" name="com.pom.flipkart.FlipkartTest" time="14.310" errors="0" timestamp="2023-10-07T16:43:27 IST" skipped="0">
  <testcase classname="com.pom.flipkart.FlipkartTest" name="homePageTest" time="14.310"/>
  <system-out/>
</testsuite> <!-- com.pom.flipkart.FlipkartTest -->
